###############################################################
#  Generated by:      Cadence Encounter 13.13-s017_1
#  OS:                Linux x86_64(Host ID microelnsys)
#  Generated on:      Wed Sep 14 17:40:21 2016
#  Design:            DLX
#  Command:           verifyConnectivity -type all -error 1000 -warning 50
###############################################################
Verify Connectivity Report is created on Wed Sep 14 17:40:21 2016



Net vdd: special open at (1.685, 127.175) (134.165, 127.345)
Net vdd: special open at (1.685, 1.565) (134.165, 129.755)
Net vdd: special open at (1.685, 3.975) (134.165, 4.145)
Net vdd: dangling Wire at (133.365, 127.175) (133.365, 127.175) on layer: M6
Net vdd: dangling Wire at (120.780, 127.175) (120.780, 127.175) on layer: M6
Net vdd: dangling Wire at (100.780, 127.175) (100.780, 127.175) on layer: M6
Net vdd: dangling Wire at (80.780, 127.175) (80.780, 127.175) on layer: M6
Net vdd: dangling Wire at (133.365, 3.975) (133.365, 3.975) on layer: M6
Net vdd: dangling Wire at (120.780, 3.975) (120.780, 3.975) on layer: M6
Net vdd: dangling Wire at (100.780, 3.975) (100.780, 3.975) on layer: M6
Net vdd: dangling Wire at (80.780, 3.975) (80.780, 3.975) on layer: M6
Net vdd: dangling Wire at (60.780, 127.175) (60.780, 127.175) on layer: M6
Net vdd: dangling Wire at (40.780, 127.175) (40.780, 127.175) on layer: M6
Net vdd: dangling Wire at (20.780, 127.175) (20.780, 127.175) on layer: M6
Net vdd: dangling Wire at (1.685, 127.175) (1.685, 127.175) on layer: M6
Net vdd: dangling Wire at (60.780, 3.975) (60.780, 3.975) on layer: M6
Net vdd: dangling Wire at (40.780, 3.975) (40.780, 3.975) on layer: M6
Net vdd: dangling Wire at (20.780, 3.975) (20.780, 3.975) on layer: M6
Net vdd: dangling Wire at (1.685, 3.975) (1.685, 3.975) on layer: M6

Begin Summary
    3 Problem(s) (ENCVFC-200): Special Wires: Pieces of the net are not connected together.
    16 Problem(s) (ENCVFC-94): The net has dangling wire(s).
    19 total info(s) created.
End Summary
